2018-10-30 08:48:34,090 INFO  [org.jboss.modules] (main) JBoss Modules version 1.8.5.Final
2018-10-30 08:48:35,051 INFO  [org.jboss.msc] (main) JBoss MSC version 1.4.2.Final
2018-10-30 08:48:35,067 INFO  [org.jboss.threads] (main) JBoss Threads version 2.3.2.Final
2018-10-30 08:48:35,378 INFO  [org.jboss.as] (MSC service thread 1-2) WFLYSRV0049: Keycloak 4.5.0.Final (WildFly Core 5.0.0.Final) starting
2018-10-30 08:48:35,380 DEBUG [org.jboss.as.config] (MSC service thread 1-2) Configured system properties:
	awt.toolkit = sun.awt.windows.WToolkit
	file.encoding = Cp1252
	file.encoding.pkg = sun.io
	file.separator = \
	java.awt.graphicsenv = sun.awt.Win32GraphicsEnvironment
	java.awt.printerjob = sun.awt.windows.WPrinterJob
	java.class.path = C:\Users\jantony\Downloads\keycloak-4.5.0.Final\jboss-modules.jar
	java.class.version = 52.0
	java.endorsed.dirs = C:\Program Files (x86)\Java\jdk1.8.0_181\jre\lib\endorsed
	java.ext.dirs = C:\Program Files (x86)\Java\jdk1.8.0_181\jre\lib\ext;C:\Windows\Sun\Java\lib\ext
	java.home = C:\Program Files (x86)\Java\jdk1.8.0_181\jre
	java.io.tmpdir = C:\Users\jantony\AppData\Local\Temp\
	java.library.path = C:\Program Files (x86)\Java\jdk1.8.0_181\bin;C:\Windows\Sun\Java\bin;C:\Windows\system32;C:\Windows;C:\Program Files (x86)\Common Files\Oracle\Java\javapath;C:\Windows\system32;C:\Windows;C:\Windows\System32\Wbem;C:\Windows\System32\WindowsPowerShell\v1.0\;C:\Windows\System32\OpenSSH\;C:\Program Files\dotnet\;C:\Program Files\Microsoft SQL Server\130\Tools\Binn\;C:\Program Files\nodejs\;C:\Program Files\Git\cmd;C:\Program Files (x86)\Microsoft SQL Server\Client SDK\ODBC\130\Tools\Binn\;C:\Program Files (x86)\Microsoft SQL Server\140\Tools\Binn\;C:\Program Files (x86)\Microsoft SQL Server\140\DTS\Binn\;C:\Program Files (x86)\Microsoft SQL Server\140\Tools\Binn\ManagementStudio\;C:\Program Files (x86)\Skype\Phone\;C:\Users\jantony\AppData\Local\Microsoft\WindowsApps;C:\Users\jantony\AppData\Local\GitHubDesktop\bin;C:\Users\jantony\AppData\Local\Programs\Microsoft VS Code\bin;C:\Users\jantony\AppData\Roaming\npm;.
	java.net.preferIPv4Stack = true
	java.runtime.name = Java(TM) SE Runtime Environment
	java.runtime.version = 1.8.0_181-b13
	java.specification.name = Java Platform API Specification
	java.specification.vendor = Oracle Corporation
	java.specification.version = 1.8
	java.util.logging.manager = org.jboss.logmanager.LogManager
	java.vendor = Oracle Corporation
	java.vendor.url = http://java.oracle.com/
	java.vendor.url.bug = http://bugreport.sun.com/bugreport/
	java.version = 1.8.0_181
	java.vm.info = mixed mode
	java.vm.name = Java HotSpot(TM) Client VM
	java.vm.specification.name = Java Virtual Machine Specification
	java.vm.specification.vendor = Oracle Corporation
	java.vm.specification.version = 1.8
	java.vm.vendor = Oracle Corporation
	java.vm.version = 25.181-b13
	javax.management.builder.initial = org.jboss.as.jmx.PluggableMBeanServerBuilder
	jboss.home.dir = C:\Users\jantony\Downloads\keycloak-4.5.0.Final
	jboss.host.name = jithuantony-273
	jboss.modules.dir = C:\Users\jantony\Downloads\keycloak-4.5.0.Final\modules
	jboss.modules.system.pkgs = org.jboss.byteman
	jboss.node.name = jithuantony-273
	jboss.qualified.host.name = jithuantony-273
	jboss.server.base.dir = C:\Users\jantony\Downloads\keycloak-4.5.0.Final\standalone
	jboss.server.config.dir = C:\Users\jantony\Downloads\keycloak-4.5.0.Final\standalone\configuration
	jboss.server.data.dir = C:\Users\jantony\Downloads\keycloak-4.5.0.Final\standalone\data
	jboss.server.deploy.dir = C:\Users\jantony\Downloads\keycloak-4.5.0.Final\standalone\data\content
	jboss.server.log.dir = C:\Users\jantony\Downloads\keycloak-4.5.0.Final\standalone\log
	jboss.server.name = jithuantony-273
	jboss.server.persist.config = true
	jboss.server.temp.dir = C:\Users\jantony\Downloads\keycloak-4.5.0.Final\standalone\tmp
	line.separator = 

	logging.configuration = file:C:\Users\jantony\Downloads\keycloak-4.5.0.Final\standalone\configuration/logging.properties
	module.path = C:\Users\jantony\Downloads\keycloak-4.5.0.Final\modules
	org.jboss.boot.log.file = C:\Users\jantony\Downloads\keycloak-4.5.0.Final\standalone\log\server.log
	org.jboss.resolver.warning = true
	os.arch = x86
	os.name = Windows 10
	os.version = 10.0
	path.separator = ;
	program.name = standalone.bat
	sun.arch.data.model = 32
	sun.boot.class.path = C:\Program Files (x86)\Java\jdk1.8.0_181\jre\lib\resources.jar;C:\Program Files (x86)\Java\jdk1.8.0_181\jre\lib\rt.jar;C:\Program Files (x86)\Java\jdk1.8.0_181\jre\lib\sunrsasign.jar;C:\Program Files (x86)\Java\jdk1.8.0_181\jre\lib\jsse.jar;C:\Program Files (x86)\Java\jdk1.8.0_181\jre\lib\jce.jar;C:\Program Files (x86)\Java\jdk1.8.0_181\jre\lib\charsets.jar;C:\Program Files (x86)\Java\jdk1.8.0_181\jre\lib\jfr.jar;C:\Program Files (x86)\Java\jdk1.8.0_181\jre\classes
	sun.boot.library.path = C:\Program Files (x86)\Java\jdk1.8.0_181\jre\bin
	sun.cpu.endian = little
	sun.cpu.isalist = pentium_pro+mmx pentium_pro pentium+mmx pentium i486 i386 i86
	sun.desktop = windows
	sun.io.unicode.encoding = UnicodeLittle
	sun.java.command = C:\Users\jantony\Downloads\keycloak-4.5.0.Final\jboss-modules.jar -mp C:\Users\jantony\Downloads\keycloak-4.5.0.Final\modules org.jboss.as.standalone -Djboss.home.dir=C:\Users\jantony\Downloads\keycloak-4.5.0.Final
	sun.java.launcher = SUN_STANDARD
	sun.jnu.encoding = Cp1252
	sun.management.compiler = HotSpot Client Compiler
	sun.os.patch.level = 
	sun.stderr.encoding = cp437
	sun.stdout.encoding = cp437
	user.country = US
	user.dir = C:\Users\jantony\Downloads\keycloak-4.5.0.Final\bin
	user.home = C:\Users\jantony
	user.language = en
	user.name = jantony
	user.script = 
	user.timezone = Asia/Calcutta
	user.variant = 
2018-10-30 08:48:35,381 DEBUG [org.jboss.as.config] (MSC service thread 1-2) VM Arguments: -Dprogram.name=standalone.bat -Xms64M -Xmx512M -XX:MetaspaceSize=96M -XX:MaxMetaspaceSize=256m -Djava.net.preferIPv4Stack=true -Djboss.modules.system.pkgs=org.jboss.byteman -Dorg.jboss.boot.log.file=C:\Users\jantony\Downloads\keycloak-4.5.0.Final\standalone\log\server.log -Dlogging.configuration=file:C:\Users\jantony\Downloads\keycloak-4.5.0.Final\standalone\configuration/logging.properties 
2018-10-30 08:48:37,039 INFO  [org.jboss.as.controller.management-deprecated] (Controller Boot Thread) WFLYCTL0028: Attribute 'security-realm' in the resource at address '/core-service=management/management-interface=http-interface' is deprecated, and may be removed in a future version. See the attribute description in the output of the read-resource-description operation to learn more about the deprecation.
2018-10-30 08:48:37,059 INFO  [org.jboss.as.controller.management-deprecated] (ServerService Thread Pool -- 12) WFLYCTL0028: Attribute 'security-realm' in the resource at address '/subsystem=undertow/server=default-server/https-listener=https' is deprecated, and may be removed in a future version. See the attribute description in the output of the read-resource-description operation to learn more about the deprecation.
2018-10-30 08:48:37,059 INFO  [org.wildfly.security] (ServerService Thread Pool -- 19) ELY00001: WildFly Elytron version 1.3.3.Final
2018-10-30 08:48:37,130 INFO  [org.jboss.as.server] (Controller Boot Thread) WFLYSRV0039: Creating http management service using socket-binding (management-http)
2018-10-30 08:48:37,149 INFO  [org.xnio] (MSC service thread 1-6) XNIO version 3.6.3.Final
2018-10-30 08:48:37,154 INFO  [org.xnio.nio] (MSC service thread 1-6) XNIO NIO Implementation Version 3.6.3.Final
2018-10-30 08:48:37,187 WARN  [org.jboss.as.txn] (ServerService Thread Pool -- 43) WFLYTX0013: The node-identifier attribute on the /subsystem=transactions is set to the default value. This is a danger for environments running multiple servers. Please make sure the attribute value is unique.
2018-10-30 08:48:37,187 INFO  [org.jboss.as.clustering.infinispan] (ServerService Thread Pool -- 31) WFLYCLINF0001: Activating Infinispan subsystem.
2018-10-30 08:48:37,197 INFO  [org.jboss.as.naming] (ServerService Thread Pool -- 37) WFLYNAM0001: Activating Naming Subsystem
2018-10-30 08:48:37,198 INFO  [org.jboss.as.security] (ServerService Thread Pool -- 42) WFLYSEC0002: Activating Security Subsystem
2018-10-30 08:48:37,234 INFO  [org.jboss.as.security] (MSC service thread 1-2) WFLYSEC0001: Current PicketBox version=5.0.2.Final
2018-10-30 08:48:37,250 INFO  [org.jboss.as.ee] (ServerService Thread Pool -- 28) WFLYEE0119: The system property 'ee8.preview.mode' is NOT set to 'true'. For provided EE 8 APIs where the EE 8 version of the API differs from what is supported in EE 7, the EE 7 variant of the API will be used. Support for this setting will be removed once all EE 8 APIs are provided and certified.
2018-10-30 08:48:37,293 INFO  [org.wildfly.extension.undertow] (MSC service thread 1-3) WFLYUT0003: Undertow 2.0.9.Final starting
2018-10-30 08:48:37,293 INFO  [org.jboss.as.connector.subsystems.datasources] (ServerService Thread Pool -- 26) WFLYJCA0004: Deploying JDBC-compliant driver class org.h2.Driver (version 1.4)
2018-10-30 08:48:37,293 INFO  [org.jboss.as.connector] (MSC service thread 1-2) WFLYJCA0009: Starting JCA Subsystem (WildFly/IronJacamar 1.4.9.Final)
2018-10-30 08:48:37,293 INFO  [org.jboss.as.jaxrs] (ServerService Thread Pool -- 32) WFLYRS0016: RESTEasy version 3.5.1.Final
2018-10-30 08:48:37,353 INFO  [org.jboss.as.connector.deployers.jdbc] (MSC service thread 1-8) WFLYJCA0018: Started Driver service with driver-name = h2
2018-10-30 08:48:37,358 INFO  [org.jboss.as.naming] (MSC service thread 1-8) WFLYNAM0003: Starting Naming Service
2018-10-30 08:48:37,369 INFO  [org.jboss.as.mail.extension] (MSC service thread 1-3) WFLYMAIL0001: Bound mail session [java:jboss/mail/Default]
2018-10-30 08:48:37,459 INFO  [org.wildfly.extension.undertow] (ServerService Thread Pool -- 44) WFLYUT0014: Creating file handler for path 'C:\Users\jantony\Downloads\keycloak-4.5.0.Final/welcome-content' with options [directory-listing: 'false', follow-symlink: 'false', case-sensitive: 'true', safe-symlink-paths: '[]']
2018-10-30 08:48:37,658 INFO  [org.wildfly.extension.io] (ServerService Thread Pool -- 30) WFLYIO001: Worker 'default' has auto-configured to 16 core threads with 128 task threads based on your 8 available processors
2018-10-30 08:48:37,662 INFO  [org.jboss.as.ejb3] (MSC service thread 1-2) WFLYEJB0482: Strict pool mdb-strict-max-pool is using a max instance size of 32 (per class), which is derived from the number of CPUs on this host.
2018-10-30 08:48:37,662 INFO  [org.jboss.as.ejb3] (MSC service thread 1-1) WFLYEJB0481: Strict pool slsb-strict-max-pool is using a max instance size of 128 (per class), which is derived from thread worker pool sizing.
2018-10-30 08:48:37,704 INFO  [org.wildfly.extension.undertow] (MSC service thread 1-6) WFLYUT0012: Started server default-server.
2018-10-30 08:48:37,706 INFO  [org.jboss.remoting] (MSC service thread 1-3) JBoss Remoting version 5.0.7.Final
2018-10-30 08:48:37,814 INFO  [org.wildfly.extension.undertow] (MSC service thread 1-4) WFLYUT0018: Host default-host starting
2018-10-30 08:48:37,849 INFO  [org.wildfly.extension.undertow] (MSC service thread 1-6) WFLYUT0006: Undertow HTTP listener default listening on 127.0.0.1:8080
2018-10-30 08:48:37,882 INFO  [org.jboss.as.ejb3] (MSC service thread 1-5) WFLYEJB0493: EJB subsystem suspension complete
2018-10-30 08:48:37,916 INFO  [org.jboss.as.patching] (MSC service thread 1-8) WFLYPAT0050: Keycloak cumulative patch ID is: base, one-off patches include: none
2018-10-30 08:48:37,927 WARN  [org.jboss.as.domain.management.security] (MSC service thread 1-4) WFLYDM0111: Keystore C:\Users\jantony\Downloads\keycloak-4.5.0.Final\standalone\configuration\application.keystore not found, it will be auto generated on first use with a self signed certificate for host localhost
2018-10-30 08:48:37,930 INFO  [org.jboss.as.server.deployment.scanner] (MSC service thread 1-4) WFLYDS0013: Started FileSystemDeploymentService for directory C:\Users\jantony\Downloads\keycloak-4.5.0.Final\standalone\deployments
2018-10-30 08:48:37,947 INFO  [org.jboss.as.server.deployment] (MSC service thread 1-8) WFLYSRV0027: Starting deployment of "keycloak-server.war" (runtime-name: "keycloak-server.war")
2018-10-30 08:48:37,957 INFO  [org.jboss.as.connector.subsystems.datasources] (MSC service thread 1-3) WFLYJCA0001: Bound data source [java:jboss/datasources/KeycloakDS]
2018-10-30 08:48:37,957 INFO  [org.jboss.as.connector.subsystems.datasources] (MSC service thread 1-8) WFLYJCA0001: Bound data source [java:jboss/datasources/ExampleDS]
2018-10-30 08:48:38,290 INFO  [org.wildfly.extension.undertow] (MSC service thread 1-3) WFLYUT0006: Undertow HTTPS listener https listening on 127.0.0.1:8443
2018-10-30 08:48:38,698 INFO  [org.infinispan.factories.GlobalComponentRegistry] (MSC service thread 1-1) ISPN000128: Infinispan version: Infinispan 'Gaina' 9.2.4.Final
2018-10-30 08:48:39,054 INFO  [org.jboss.as.clustering.infinispan] (ServerService Thread Pool -- 57) WFLYCLINF0002: Started realms cache from keycloak container
2018-10-30 08:48:39,053 INFO  [org.jboss.as.clustering.infinispan] (ServerService Thread Pool -- 52) WFLYCLINF0002: Started users cache from keycloak container
2018-10-30 08:48:39,054 INFO  [org.jboss.as.clustering.infinispan] (ServerService Thread Pool -- 46) WFLYCLINF0002: Started clientSessions cache from keycloak container
2018-10-30 08:48:39,054 INFO  [org.jboss.as.clustering.infinispan] (ServerService Thread Pool -- 56) WFLYCLINF0002: Started offlineClientSessions cache from keycloak container
2018-10-30 08:48:39,054 INFO  [org.jboss.as.clustering.infinispan] (ServerService Thread Pool -- 47) WFLYCLINF0002: Started sessions cache from keycloak container
2018-10-30 08:48:39,053 INFO  [org.jboss.as.clustering.infinispan] (ServerService Thread Pool -- 53) WFLYCLINF0002: Started actionTokens cache from keycloak container
2018-10-30 08:48:39,054 INFO  [org.jboss.as.clustering.infinispan] (ServerService Thread Pool -- 49) WFLYCLINF0002: Started work cache from keycloak container
2018-10-30 08:48:39,054 INFO  [org.jboss.as.clustering.infinispan] (ServerService Thread Pool -- 55) WFLYCLINF0002: Started authorization cache from keycloak container
2018-10-30 08:48:39,053 INFO  [org.jboss.as.clustering.infinispan] (ServerService Thread Pool -- 50) WFLYCLINF0002: Started authenticationSessions cache from keycloak container
2018-10-30 08:48:39,054 INFO  [org.jboss.as.clustering.infinispan] (ServerService Thread Pool -- 48) WFLYCLINF0002: Started loginFailures cache from keycloak container
2018-10-30 08:48:39,055 INFO  [org.jboss.as.clustering.infinispan] (ServerService Thread Pool -- 51) WFLYCLINF0002: Started offlineSessions cache from keycloak container
2018-10-30 08:48:39,055 INFO  [org.jboss.as.clustering.infinispan] (ServerService Thread Pool -- 54) WFLYCLINF0002: Started keys cache from keycloak container
2018-10-30 08:48:39,058 INFO  [org.jboss.as.clustering.infinispan] (ServerService Thread Pool -- 58) WFLYCLINF0002: Started client-mappings cache from ejb container
2018-10-30 08:48:39,990 INFO  [org.keycloak.services] (ServerService Thread Pool -- 56) KC-SERVICES0001: Loading config from standalone.xml or domain.xml
2018-10-30 08:48:40,958 INFO  [org.jboss.as.clustering.infinispan] (ServerService Thread Pool -- 56) WFLYCLINF0002: Started realmRevisions cache from keycloak container
2018-10-30 08:48:40,965 INFO  [org.jboss.as.clustering.infinispan] (ServerService Thread Pool -- 56) WFLYCLINF0002: Started userRevisions cache from keycloak container
2018-10-30 08:48:40,973 INFO  [org.jboss.as.clustering.infinispan] (ServerService Thread Pool -- 56) WFLYCLINF0002: Started authorizationRevisions cache from keycloak container
2018-10-30 08:48:40,974 INFO  [org.keycloak.connections.infinispan.DefaultInfinispanConnectionProviderFactory] (ServerService Thread Pool -- 56) Node name: jithuantony-273, Site name: null
2018-10-30 08:51:55,299 INFO  [org.jboss.modules] (main) JBoss Modules version 1.8.5.Final
2018-10-30 08:51:55,551 INFO  [org.jboss.msc] (main) JBoss MSC version 1.4.2.Final
2018-10-30 08:51:55,560 INFO  [org.jboss.threads] (main) JBoss Threads version 2.3.2.Final
2018-10-30 08:51:55,680 INFO  [org.jboss.as] (MSC service thread 1-2) WFLYSRV0049: Keycloak 4.5.0.Final (WildFly Core 5.0.0.Final) starting
2018-10-30 08:51:55,682 DEBUG [org.jboss.as.config] (MSC service thread 1-2) Configured system properties:
	awt.toolkit = sun.awt.windows.WToolkit
	file.encoding = Cp1252
	file.encoding.pkg = sun.io
	file.separator = \
	java.awt.graphicsenv = sun.awt.Win32GraphicsEnvironment
	java.awt.printerjob = sun.awt.windows.WPrinterJob
	java.class.path = D:\keycloak-4.5.0.Final\jboss-modules.jar
	java.class.version = 52.0
	java.endorsed.dirs = C:\Program Files (x86)\Java\jdk1.8.0_181\jre\lib\endorsed
	java.ext.dirs = C:\Program Files (x86)\Java\jdk1.8.0_181\jre\lib\ext;C:\Windows\Sun\Java\lib\ext
	java.home = C:\Program Files (x86)\Java\jdk1.8.0_181\jre
	java.io.tmpdir = C:\Users\jantony\AppData\Local\Temp\
	java.library.path = C:\Program Files (x86)\Java\jdk1.8.0_181\bin;C:\Windows\Sun\Java\bin;C:\Windows\system32;C:\Windows;C:\Program Files (x86)\Common Files\Oracle\Java\javapath;C:\Windows\system32;C:\Windows;C:\Windows\System32\Wbem;C:\Windows\System32\WindowsPowerShell\v1.0\;C:\Windows\System32\OpenSSH\;C:\Program Files\dotnet\;C:\Program Files\Microsoft SQL Server\130\Tools\Binn\;C:\Program Files\nodejs\;C:\Program Files\Git\cmd;C:\Program Files (x86)\Microsoft SQL Server\Client SDK\ODBC\130\Tools\Binn\;C:\Program Files (x86)\Microsoft SQL Server\140\Tools\Binn\;C:\Program Files (x86)\Microsoft SQL Server\140\DTS\Binn\;C:\Program Files (x86)\Microsoft SQL Server\140\Tools\Binn\ManagementStudio\;C:\Program Files (x86)\Skype\Phone\;C:\Users\jantony\AppData\Local\Microsoft\WindowsApps;C:\Users\jantony\AppData\Local\GitHubDesktop\bin;C:\Users\jantony\AppData\Local\Programs\Microsoft VS Code\bin;C:\Users\jantony\AppData\Roaming\npm;.
	java.net.preferIPv4Stack = true
	java.runtime.name = Java(TM) SE Runtime Environment
	java.runtime.version = 1.8.0_181-b13
	java.specification.name = Java Platform API Specification
	java.specification.vendor = Oracle Corporation
	java.specification.version = 1.8
	java.util.logging.manager = org.jboss.logmanager.LogManager
	java.vendor = Oracle Corporation
	java.vendor.url = http://java.oracle.com/
	java.vendor.url.bug = http://bugreport.sun.com/bugreport/
	java.version = 1.8.0_181
	java.vm.info = mixed mode
	java.vm.name = Java HotSpot(TM) Client VM
	java.vm.specification.name = Java Virtual Machine Specification
	java.vm.specification.vendor = Oracle Corporation
	java.vm.specification.version = 1.8
	java.vm.vendor = Oracle Corporation
	java.vm.version = 25.181-b13
	javax.management.builder.initial = org.jboss.as.jmx.PluggableMBeanServerBuilder
	jboss.home.dir = D:\keycloak-4.5.0.Final
	jboss.host.name = jithuantony-273
	jboss.modules.dir = D:\keycloak-4.5.0.Final\modules
	jboss.modules.system.pkgs = org.jboss.byteman
	jboss.node.name = jithuantony-273
	jboss.qualified.host.name = jithuantony-273
	jboss.server.base.dir = D:\keycloak-4.5.0.Final\standalone
	jboss.server.config.dir = D:\keycloak-4.5.0.Final\standalone\configuration
	jboss.server.data.dir = D:\keycloak-4.5.0.Final\standalone\data
	jboss.server.deploy.dir = D:\keycloak-4.5.0.Final\standalone\data\content
	jboss.server.log.dir = D:\keycloak-4.5.0.Final\standalone\log
	jboss.server.name = jithuantony-273
	jboss.server.persist.config = true
	jboss.server.temp.dir = D:\keycloak-4.5.0.Final\standalone\tmp
	line.separator = 

	logging.configuration = file:D:\keycloak-4.5.0.Final\standalone\configuration/logging.properties
	module.path = D:\keycloak-4.5.0.Final\modules
	org.jboss.boot.log.file = D:\keycloak-4.5.0.Final\standalone\log\server.log
	org.jboss.resolver.warning = true
	os.arch = x86
	os.name = Windows 10
	os.version = 10.0
	path.separator = ;
	program.name = standalone.bat
	sun.arch.data.model = 32
	sun.boot.class.path = C:\Program Files (x86)\Java\jdk1.8.0_181\jre\lib\resources.jar;C:\Program Files (x86)\Java\jdk1.8.0_181\jre\lib\rt.jar;C:\Program Files (x86)\Java\jdk1.8.0_181\jre\lib\sunrsasign.jar;C:\Program Files (x86)\Java\jdk1.8.0_181\jre\lib\jsse.jar;C:\Program Files (x86)\Java\jdk1.8.0_181\jre\lib\jce.jar;C:\Program Files (x86)\Java\jdk1.8.0_181\jre\lib\charsets.jar;C:\Program Files (x86)\Java\jdk1.8.0_181\jre\lib\jfr.jar;C:\Program Files (x86)\Java\jdk1.8.0_181\jre\classes
	sun.boot.library.path = C:\Program Files (x86)\Java\jdk1.8.0_181\jre\bin
	sun.cpu.endian = little
	sun.cpu.isalist = pentium_pro+mmx pentium_pro pentium+mmx pentium i486 i386 i86
	sun.desktop = windows
	sun.io.unicode.encoding = UnicodeLittle
	sun.java.command = D:\keycloak-4.5.0.Final\jboss-modules.jar -mp D:\keycloak-4.5.0.Final\modules org.jboss.as.standalone -Djboss.home.dir=D:\keycloak-4.5.0.Final
	sun.java.launcher = SUN_STANDARD
	sun.jnu.encoding = Cp1252
	sun.management.compiler = HotSpot Client Compiler
	sun.os.patch.level = 
	sun.stderr.encoding = cp437
	sun.stdout.encoding = cp437
	user.country = US
	user.dir = D:\keycloak-4.5.0.Final\bin
	user.home = C:\Users\jantony
	user.language = en
	user.name = jantony
	user.script = 
	user.timezone = Asia/Calcutta
	user.variant = 
2018-10-30 08:51:55,682 DEBUG [org.jboss.as.config] (MSC service thread 1-2) VM Arguments: -Dprogram.name=standalone.bat -Xms64M -Xmx512M -XX:MetaspaceSize=96M -XX:MaxMetaspaceSize=256m -Djava.net.preferIPv4Stack=true -Djboss.modules.system.pkgs=org.jboss.byteman -Dorg.jboss.boot.log.file=D:\keycloak-4.5.0.Final\standalone\log\server.log -Dlogging.configuration=file:D:\keycloak-4.5.0.Final\standalone\configuration/logging.properties 
2018-10-30 08:51:56,635 INFO  [org.jboss.as.controller.management-deprecated] (Controller Boot Thread) WFLYCTL0028: Attribute 'security-realm' in the resource at address '/core-service=management/management-interface=http-interface' is deprecated, and may be removed in a future version. See the attribute description in the output of the read-resource-description operation to learn more about the deprecation.
2018-10-30 08:51:56,663 INFO  [org.wildfly.security] (ServerService Thread Pool -- 6) ELY00001: WildFly Elytron version 1.3.3.Final
2018-10-30 08:51:56,665 INFO  [org.jboss.as.controller.management-deprecated] (ServerService Thread Pool -- 19) WFLYCTL0028: Attribute 'security-realm' in the resource at address '/subsystem=undertow/server=default-server/https-listener=https' is deprecated, and may be removed in a future version. See the attribute description in the output of the read-resource-description operation to learn more about the deprecation.
2018-10-30 08:51:56,719 INFO  [org.jboss.as.server] (Controller Boot Thread) WFLYSRV0039: Creating http management service using socket-binding (management-http)
2018-10-30 08:51:56,733 INFO  [org.xnio] (MSC service thread 1-8) XNIO version 3.6.3.Final
2018-10-30 08:51:56,739 INFO  [org.xnio.nio] (MSC service thread 1-8) XNIO NIO Implementation Version 3.6.3.Final
2018-10-30 12:29:40,938 INFO  [org.jboss.modules] (main) JBoss Modules version 1.8.5.Final
2018-10-30 12:29:41,199 INFO  [org.jboss.msc] (main) JBoss MSC version 1.4.2.Final
2018-10-30 12:29:41,211 INFO  [org.jboss.threads] (main) JBoss Threads version 2.3.2.Final
2018-10-30 12:29:41,334 INFO  [org.jboss.as] (MSC service thread 1-2) WFLYSRV0049: Keycloak 4.5.0.Final (WildFly Core 5.0.0.Final) starting
2018-10-30 12:29:41,334 DEBUG [org.jboss.as.config] (MSC service thread 1-2) Configured system properties:
	awt.toolkit = sun.awt.windows.WToolkit
	file.encoding = Cp1252
	file.encoding.pkg = sun.io
	file.separator = \
	java.awt.graphicsenv = sun.awt.Win32GraphicsEnvironment
	java.awt.printerjob = sun.awt.windows.WPrinterJob
	java.class.path = D:\keycloak-4.5.0.Final\jboss-modules.jar
	java.class.version = 52.0
	java.endorsed.dirs = C:\Program Files (x86)\Java\jdk1.8.0_181\jre\lib\endorsed
	java.ext.dirs = C:\Program Files (x86)\Java\jdk1.8.0_181\jre\lib\ext;C:\Windows\Sun\Java\lib\ext
	java.home = C:\Program Files (x86)\Java\jdk1.8.0_181\jre
	java.io.tmpdir = C:\Users\jantony\AppData\Local\Temp\
	java.library.path = C:\Program Files (x86)\Java\jdk1.8.0_181\bin;C:\Windows\Sun\Java\bin;C:\Windows\system32;C:\Windows;C:\Program Files (x86)\Common Files\Oracle\Java\javapath;C:\Windows\system32;C:\Windows;C:\Windows\System32\Wbem;C:\Windows\System32\WindowsPowerShell\v1.0\;C:\Windows\System32\OpenSSH\;C:\Program Files\dotnet\;C:\Program Files\Microsoft SQL Server\130\Tools\Binn\;C:\Program Files\nodejs\;C:\Program Files\Git\cmd;C:\Program Files (x86)\Microsoft SQL Server\Client SDK\ODBC\130\Tools\Binn\;C:\Program Files (x86)\Microsoft SQL Server\140\Tools\Binn\;C:\Program Files (x86)\Microsoft SQL Server\140\DTS\Binn\;C:\Program Files (x86)\Microsoft SQL Server\140\Tools\Binn\ManagementStudio\;C:\Program Files (x86)\Skype\Phone\;C:\Users\jantony\AppData\Local\Microsoft\WindowsApps;C:\Users\jantony\AppData\Local\GitHubDesktop\bin;C:\Users\jantony\AppData\Local\Programs\Microsoft VS Code\bin;C:\Users\jantony\AppData\Roaming\npm;.
	java.net.preferIPv4Stack = true
	java.runtime.name = Java(TM) SE Runtime Environment
	java.runtime.version = 1.8.0_181-b13
	java.specification.name = Java Platform API Specification
	java.specification.vendor = Oracle Corporation
	java.specification.version = 1.8
	java.util.logging.manager = org.jboss.logmanager.LogManager
	java.vendor = Oracle Corporation
	java.vendor.url = http://java.oracle.com/
	java.vendor.url.bug = http://bugreport.sun.com/bugreport/
	java.version = 1.8.0_181
	java.vm.info = mixed mode
	java.vm.name = Java HotSpot(TM) Client VM
	java.vm.specification.name = Java Virtual Machine Specification
	java.vm.specification.vendor = Oracle Corporation
	java.vm.specification.version = 1.8
	java.vm.vendor = Oracle Corporation
	java.vm.version = 25.181-b13
	javax.management.builder.initial = org.jboss.as.jmx.PluggableMBeanServerBuilder
	jboss.home.dir = D:\keycloak-4.5.0.Final
	jboss.host.name = jithuantony-273
	jboss.modules.dir = D:\keycloak-4.5.0.Final\modules
	jboss.modules.system.pkgs = org.jboss.byteman
	jboss.node.name = jithuantony-273
	jboss.qualified.host.name = jithuantony-273
	jboss.server.base.dir = D:\keycloak-4.5.0.Final\standalone
	jboss.server.config.dir = D:\keycloak-4.5.0.Final\standalone\configuration
	jboss.server.data.dir = D:\keycloak-4.5.0.Final\standalone\data
	jboss.server.deploy.dir = D:\keycloak-4.5.0.Final\standalone\data\content
	jboss.server.log.dir = D:\keycloak-4.5.0.Final\standalone\log
	jboss.server.name = jithuantony-273
	jboss.server.persist.config = true
	jboss.server.temp.dir = D:\keycloak-4.5.0.Final\standalone\tmp
	line.separator = 

	logging.configuration = file:D:\keycloak-4.5.0.Final\standalone\configuration/logging.properties
	module.path = D:\keycloak-4.5.0.Final\modules
	org.jboss.boot.log.file = D:\keycloak-4.5.0.Final\standalone\log\server.log
	org.jboss.resolver.warning = true
	os.arch = x86
	os.name = Windows 10
	os.version = 10.0
	path.separator = ;
	program.name = standalone.bat
	sun.arch.data.model = 32
	sun.boot.class.path = C:\Program Files (x86)\Java\jdk1.8.0_181\jre\lib\resources.jar;C:\Program Files (x86)\Java\jdk1.8.0_181\jre\lib\rt.jar;C:\Program Files (x86)\Java\jdk1.8.0_181\jre\lib\sunrsasign.jar;C:\Program Files (x86)\Java\jdk1.8.0_181\jre\lib\jsse.jar;C:\Program Files (x86)\Java\jdk1.8.0_181\jre\lib\jce.jar;C:\Program Files (x86)\Java\jdk1.8.0_181\jre\lib\charsets.jar;C:\Program Files (x86)\Java\jdk1.8.0_181\jre\lib\jfr.jar;C:\Program Files (x86)\Java\jdk1.8.0_181\jre\classes
	sun.boot.library.path = C:\Program Files (x86)\Java\jdk1.8.0_181\jre\bin
	sun.cpu.endian = little
	sun.cpu.isalist = pentium_pro+mmx pentium_pro pentium+mmx pentium i486 i386 i86
	sun.desktop = windows
	sun.io.unicode.encoding = UnicodeLittle
	sun.java.command = D:\keycloak-4.5.0.Final\jboss-modules.jar -mp D:\keycloak-4.5.0.Final\modules org.jboss.as.standalone -Djboss.home.dir=D:\keycloak-4.5.0.Final
	sun.java.launcher = SUN_STANDARD
	sun.jnu.encoding = Cp1252
	sun.management.compiler = HotSpot Client Compiler
	sun.os.patch.level = 
	sun.stderr.encoding = cp437
	sun.stdout.encoding = cp437
	user.country = US
	user.dir = D:\keycloak-4.5.0.Final\bin
	user.home = C:\Users\jantony
	user.language = en
	user.name = jantony
	user.script = 
	user.timezone = Asia/Calcutta
	user.variant = 
2018-10-30 12:29:41,334 DEBUG [org.jboss.as.config] (MSC service thread 1-2) VM Arguments: -Dprogram.name=standalone.bat -Xms64M -Xmx512M -XX:MetaspaceSize=96M -XX:MaxMetaspaceSize=256m -Djava.net.preferIPv4Stack=true -Djboss.modules.system.pkgs=org.jboss.byteman -Dorg.jboss.boot.log.file=D:\keycloak-4.5.0.Final\standalone\log\server.log -Dlogging.configuration=file:D:\keycloak-4.5.0.Final\standalone\configuration/logging.properties 
2018-10-30 12:29:42,266 INFO  [org.jboss.as.controller.management-deprecated] (Controller Boot Thread) WFLYCTL0028: Attribute 'security-realm' in the resource at address '/core-service=management/management-interface=http-interface' is deprecated, and may be removed in a future version. See the attribute description in the output of the read-resource-description operation to learn more about the deprecation.
2018-10-30 12:29:42,293 INFO  [org.jboss.as.controller.management-deprecated] (ServerService Thread Pool -- 13) WFLYCTL0028: Attribute 'security-realm' in the resource at address '/subsystem=undertow/server=default-server/https-listener=https' is deprecated, and may be removed in a future version. See the attribute description in the output of the read-resource-description operation to learn more about the deprecation.
2018-10-30 12:29:42,293 INFO  [org.wildfly.security] (ServerService Thread Pool -- 14) ELY00001: WildFly Elytron version 1.3.3.Final
2018-10-30 12:29:42,350 INFO  [org.jboss.as.server] (Controller Boot Thread) WFLYSRV0039: Creating http management service using socket-binding (management-http)
2018-10-30 12:29:42,366 INFO  [org.xnio] (MSC service thread 1-3) XNIO version 3.6.3.Final
2018-10-30 12:29:42,371 INFO  [org.xnio.nio] (MSC service thread 1-3) XNIO NIO Implementation Version 3.6.3.Final
2018-10-30 14:05:37,458 INFO  [org.jboss.modules] (main) JBoss Modules version 1.8.5.Final
2018-10-30 14:05:37,745 INFO  [org.jboss.msc] (main) JBoss MSC version 1.4.2.Final
2018-10-30 14:05:37,755 INFO  [org.jboss.threads] (main) JBoss Threads version 2.3.2.Final
2018-10-30 14:05:37,920 INFO  [org.jboss.as] (MSC service thread 1-2) WFLYSRV0049: Keycloak 4.5.0.Final (WildFly Core 5.0.0.Final) starting
2018-10-30 14:05:37,922 DEBUG [org.jboss.as.config] (MSC service thread 1-2) Configured system properties:
	awt.toolkit = sun.awt.windows.WToolkit
	file.encoding = Cp1252
	file.encoding.pkg = sun.io
	file.separator = \
	java.awt.graphicsenv = sun.awt.Win32GraphicsEnvironment
	java.awt.printerjob = sun.awt.windows.WPrinterJob
	java.class.path = D:\keycloak-4.5.0.Final\jboss-modules.jar
	java.class.version = 52.0
	java.endorsed.dirs = C:\Program Files (x86)\Java\jdk1.8.0_181\jre\lib\endorsed
	java.ext.dirs = C:\Program Files (x86)\Java\jdk1.8.0_181\jre\lib\ext;C:\Windows\Sun\Java\lib\ext
	java.home = C:\Program Files (x86)\Java\jdk1.8.0_181\jre
	java.io.tmpdir = C:\Users\jantony\AppData\Local\Temp\
	java.library.path = C:\Program Files (x86)\Java\jdk1.8.0_181\bin;C:\Windows\Sun\Java\bin;C:\Windows\system32;C:\Windows;C:\Program Files (x86)\Common Files\Oracle\Java\javapath;C:\Windows\system32;C:\Windows;C:\Windows\System32\Wbem;C:\Windows\System32\WindowsPowerShell\v1.0\;C:\Windows\System32\OpenSSH\;C:\Program Files\dotnet\;C:\Program Files\Microsoft SQL Server\130\Tools\Binn\;C:\Program Files\nodejs\;C:\Program Files\Git\cmd;C:\Program Files (x86)\Microsoft SQL Server\Client SDK\ODBC\130\Tools\Binn\;C:\Program Files (x86)\Microsoft SQL Server\140\Tools\Binn\;C:\Program Files (x86)\Microsoft SQL Server\140\DTS\Binn\;C:\Program Files (x86)\Microsoft SQL Server\140\Tools\Binn\ManagementStudio\;C:\Program Files (x86)\Skype\Phone\;C:\Users\jantony\AppData\Local\Microsoft\WindowsApps;C:\Users\jantony\AppData\Local\GitHubDesktop\bin;C:\Users\jantony\AppData\Local\Programs\Microsoft VS Code\bin;C:\Users\jantony\AppData\Roaming\npm;.
	java.net.preferIPv4Stack = true
	java.runtime.name = Java(TM) SE Runtime Environment
	java.runtime.version = 1.8.0_181-b13
	java.specification.name = Java Platform API Specification
	java.specification.vendor = Oracle Corporation
	java.specification.version = 1.8
	java.util.logging.manager = org.jboss.logmanager.LogManager
	java.vendor = Oracle Corporation
	java.vendor.url = http://java.oracle.com/
	java.vendor.url.bug = http://bugreport.sun.com/bugreport/
	java.version = 1.8.0_181
	java.vm.info = mixed mode
	java.vm.name = Java HotSpot(TM) Client VM
	java.vm.specification.name = Java Virtual Machine Specification
	java.vm.specification.vendor = Oracle Corporation
	java.vm.specification.version = 1.8
	java.vm.vendor = Oracle Corporation
	java.vm.version = 25.181-b13
	javax.management.builder.initial = org.jboss.as.jmx.PluggableMBeanServerBuilder
	jboss.home.dir = D:\keycloak-4.5.0.Final
	jboss.host.name = jithuantony-273
	jboss.modules.dir = D:\keycloak-4.5.0.Final\modules
	jboss.modules.system.pkgs = org.jboss.byteman
	jboss.node.name = jithuantony-273
	jboss.qualified.host.name = jithuantony-273
	jboss.server.base.dir = D:\keycloak-4.5.0.Final\standalone
	jboss.server.config.dir = D:\keycloak-4.5.0.Final\standalone\configuration
	jboss.server.data.dir = D:\keycloak-4.5.0.Final\standalone\data
	jboss.server.deploy.dir = D:\keycloak-4.5.0.Final\standalone\data\content
	jboss.server.log.dir = D:\keycloak-4.5.0.Final\standalone\log
	jboss.server.name = jithuantony-273
	jboss.server.persist.config = true
	jboss.server.temp.dir = D:\keycloak-4.5.0.Final\standalone\tmp
	line.separator = 

	logging.configuration = file:D:\keycloak-4.5.0.Final\standalone\configuration/logging.properties
	module.path = D:\keycloak-4.5.0.Final\modules
	org.jboss.boot.log.file = D:\keycloak-4.5.0.Final\standalone\log\server.log
	org.jboss.resolver.warning = true
	os.arch = x86
	os.name = Windows 10
	os.version = 10.0
	path.separator = ;
	program.name = standalone.bat
	sun.arch.data.model = 32
	sun.boot.class.path = C:\Program Files (x86)\Java\jdk1.8.0_181\jre\lib\resources.jar;C:\Program Files (x86)\Java\jdk1.8.0_181\jre\lib\rt.jar;C:\Program Files (x86)\Java\jdk1.8.0_181\jre\lib\sunrsasign.jar;C:\Program Files (x86)\Java\jdk1.8.0_181\jre\lib\jsse.jar;C:\Program Files (x86)\Java\jdk1.8.0_181\jre\lib\jce.jar;C:\Program Files (x86)\Java\jdk1.8.0_181\jre\lib\charsets.jar;C:\Program Files (x86)\Java\jdk1.8.0_181\jre\lib\jfr.jar;C:\Program Files (x86)\Java\jdk1.8.0_181\jre\classes
	sun.boot.library.path = C:\Program Files (x86)\Java\jdk1.8.0_181\jre\bin
	sun.cpu.endian = little
	sun.cpu.isalist = pentium_pro+mmx pentium_pro pentium+mmx pentium i486 i386 i86
	sun.desktop = windows
	sun.io.unicode.encoding = UnicodeLittle
	sun.java.command = D:\keycloak-4.5.0.Final\jboss-modules.jar -mp D:\keycloak-4.5.0.Final\modules org.jboss.as.standalone -Djboss.home.dir=D:\keycloak-4.5.0.Final
	sun.java.launcher = SUN_STANDARD
	sun.jnu.encoding = Cp1252
	sun.management.compiler = HotSpot Client Compiler
	sun.os.patch.level = 
	sun.stderr.encoding = cp437
	sun.stdout.encoding = cp437
	user.country = US
	user.dir = D:\keycloak-4.5.0.Final\bin
	user.home = C:\Users\jantony
	user.language = en
	user.name = jantony
	user.script = 
	user.timezone = Asia/Calcutta
	user.variant = 
2018-10-30 14:05:37,923 DEBUG [org.jboss.as.config] (MSC service thread 1-2) VM Arguments: -Dprogram.name=standalone.bat -Xms64M -Xmx512M -XX:MetaspaceSize=96M -XX:MaxMetaspaceSize=256m -Djava.net.preferIPv4Stack=true -Djboss.modules.system.pkgs=org.jboss.byteman -Dorg.jboss.boot.log.file=D:\keycloak-4.5.0.Final\standalone\log\server.log -Dlogging.configuration=file:D:\keycloak-4.5.0.Final\standalone\configuration/logging.properties 
2018-10-30 14:05:38,904 INFO  [org.jboss.as.controller.management-deprecated] (Controller Boot Thread) WFLYCTL0028: Attribute 'security-realm' in the resource at address '/core-service=management/management-interface=http-interface' is deprecated, and may be removed in a future version. See the attribute description in the output of the read-resource-description operation to learn more about the deprecation.
2018-10-30 14:05:38,936 INFO  [org.wildfly.security] (ServerService Thread Pool -- 13) ELY00001: WildFly Elytron version 1.3.3.Final
2018-10-30 14:05:38,940 INFO  [org.jboss.as.controller.management-deprecated] (ServerService Thread Pool -- 17) WFLYCTL0028: Attribute 'security-realm' in the resource at address '/subsystem=undertow/server=default-server/https-listener=https' is deprecated, and may be removed in a future version. See the attribute description in the output of the read-resource-description operation to learn more about the deprecation.
2018-10-30 14:05:38,996 INFO  [org.jboss.as.server] (Controller Boot Thread) WFLYSRV0039: Creating http management service using socket-binding (management-http)
2018-10-30 14:05:39,009 INFO  [org.xnio] (MSC service thread 1-3) XNIO version 3.6.3.Final
2018-10-30 14:05:39,014 INFO  [org.xnio.nio] (MSC service thread 1-3) XNIO NIO Implementation Version 3.6.3.Final
